<?xml version="1.0" encoding="UTF-8"?>
<!-- Generated by org.testng.reporters.JUnitReportReporter -->
<testsuite skipped="0" hostname="DELL-PC" name="ProgramOne" tests="1" failures="0" timestamp="19 Mar 2017 07:48:43 GMT" time="0.010" errors="0">
  <testcase name="display" time="0.010" classname="ProgramOne"/>
</testsuite> <!-- ProgramOne -->
